<?xml version="1.0" encoding="UTF-8"?>
<!-- Generated by org.testng.reporters.JUnitReportReporter -->
<testsuite hostname="LAPTOP-79SVG1A0" failures="0" tests="3" name="test.day4" time="0.006" errors="0" timestamp="2025-02-05T20:50:37 ICT" skipped="0">
  <testcase classname="test.day4" name="loginAPIHomeLoan" time="0.001"/>
  <testcase classname="test.day4" name="webloginHomeLoan" time="0.002"/>
  <testcase classname="test.day4" name="MobileloginHomeLoan" time="0.003"/>
</testsuite> <!-- test.day4 -->
