<?xml version="1.0" encoding="UTF-8"?>
<!-- Generated by org.testng.reporters.JUnitReportReporter -->
<testsuite hostname="LAPTOP-79SVG1A0" failures="0" tests="7" name="test.day3" time="0.036" errors="0" timestamp="2025-02-05T20:50:37 ICT" skipped="1">
  <testcase classname="test.day3" name="MobilesignoutCarLoan" time="0.007"/>
  <testcase classname="test.day3" name="MobileDataTest" time="0.013"/>
  <testcase classname="test.day3" name="MobileDataTest" time="0.003"/>
  <testcase classname="test.day3" name="webloginCarLoan" time="0.005"/>
  <testcase classname="test.day3" name="MobileDataTest" time="0.003"/>
  <testcase classname="test.day3" name="MobileloginCarLoan" time="0.005"/>
  <testcase classname="test.day3" name="MobilesigninCarLoan">
    <skipped/>
  </testcase> <!-- MobilesigninCarLoan -->
</testsuite> <!-- test.day3 -->
