<?xml version="1.0" encoding="UTF-8"?>
<!-- Generated by org.testng.reporters.JUnitReportReporter -->
<testsuite hostname="LAPTOP-79SVG1A0" failures="0" tests="1" name="test.day2" time="0.003" errors="0" timestamp="2025-02-05T20:50:37 ICT" skipped="0">
  <testcase classname="test.day2" name="ploan" time="0.003"/>
</testsuite> <!-- test.day2 -->
